combine
combine
combine
combine
combine
combine
combine
combine
combine
combine
combine
combine
combine
combine
combine
combine
combine
combine
combine
combine
combine
combine
combine
combine
combine
combine
combine
combine
combine
combine
combine
combine
combine
combine
combine
combine
combine
combine
combine
combine
combine
combine
combine
combine
combine
combine
combine
combine
combine
combine
combine
combine
combine
combine
combine
combine
combine
combine
combine
combine
combine
combine
combine
combine
combine
combine
combine
combine
combine
combine
combine
combine
combine
combine
combine
combine
combine
combine
combine
combine
combine
combine
combine
combine
combine
combine
combine
combine
combine
combine
combine
combine
combine
combine
combine
combine
combine
combine
combine
combine
combine
combine
combine
combine
combine
combine
combine
combine
combine
combine
combine
combine
combine
combine
combine
combine
combine
combine
combine
combine
combine
combine
combine
combine
combine
combine
combine
combine
combine
combine
combine
combine
combine
combine
combine
combine
combine
combine
combine
combine
combine
combine
combine
combine
combine
combine
combine
combine
combine
combine
combine
combine
combine
combine
combine
combine
combine
combine
combine
combine
combine
combine
combine
combine
combine
combine
combine
combine
combine
combine
combine
combine
combine
combine
combine
combine
combine
combine
combine
combine
combine
combine
combine
combine
combine
combine
combine
combine
combine
combine
combine
combine
combine
combine
combine
combine
combine
combine
combine
combine
combine
combine
combine
combine
combine
combine
combine
combine
combine
combine
combine
combine
combine
combine
combine
combine
combine
combine
combine
combine
combine
combine
combine
combine
combine
combine
combine
combine
combine
combine
combine
combine
combine
combine
combine
combine
combine
combine
combine
combine
combine
combine
combine
combine
combine
combine
combine
combine
combine
combine
combine
combine
combine
combine
combine
combine
combine
combine
combine
combine
combine
combine
combine
combine
combine
combine
combine
combine
combine
combine
combine
combine
combine
combine
combine
combine
combine
combine
combine
combine
combine
combine
combine
combine
combine
combine
combine
combine
combine
combine
combine
combine
combine
combine
combine
combine
combine
combine
combine
combine
combine
combine
combine
combine
combine
combine
combine
combine
combine
combine
combine
combine
combine
combine
combine
combine
combine
combine
combine
combine
combine
combine
combine
combine
combine
combine
combine
combine
combine
combine
combine
combine
combine
combine
combine
combine
combine
combine
combine
combine
combine
combine
combine
combine
combine
combine
combine
combine
combine
combine
combine
combine
combine
combine
combine
combine
combine
combine
combine
[0mGET / [32m200[0m 57.311 ms - 2803[0m
[0mGET /users/sign-in [36m304[0m 44.706 ms - -[0m
[0mGET /users/sign-up [36m304[0m 24.932 ms - -[0m
[0mPOST /users/create [36m302[0m 299.294 ms - 72[0m
[0mGET /users/sign-in [36m304[0m 14.383 ms - -[0m
[0mPOST /users/createSession [36m302[0m 34.839 ms - 46[0m
[0mGET / [32m200[0m 31.430 ms - 5236[0m
[0mPOST /users/createUserDetail [36m302[0m 40.312 ms - 88[0m
[0mGET / [32m200[0m 29.171 ms - 5231[0m
[0mGET / [32m200[0m 27.629 ms - 4902[0m
[0mPOST /users/createUserDetail [36m302[0m 146.868 ms - 88[0m
[0mGET / [32m200[0m 62.609 ms - 5224[0m
[0mPOST /users/createUserDetail [36m302[0m 42.574 ms - 88[0m
[0mGET / [36m304[0m 30.259 ms - -[0m
[0mGET / [31m500[0m 108.058 ms - 2353[0m
[0mGET / [32m200[0m 41.196 ms - 4940[0m
[0mGET / [32m200[0m 28.913 ms - 4916[0m
[0mGET / [32m200[0m 116.392 ms - 4940[0m
[0mGET / [31m500[0m 35.095 ms - 2348[0m
[0mGET / [32m200[0m 44.264 ms - 5216[0m
[0mGET / [32m200[0m 29.049 ms - 5221[0m
[0mGET / [32m200[0m 32.525 ms - 5234[0m
[0mGET / [32m200[0m 30.883 ms - 5252[0m
[0mGET / [36m304[0m 111.670 ms - -[0m
[0mGET / [36m304[0m 114.066 ms - -[0m
[0mPOST /users/createUserDetail [32m200[0m 92.092 ms - 5626[0m
[0mPOST /users/createUserDetail [32m200[0m 41.558 ms - 5738[0m
[0mPOST /users/createUserDetail [32m200[0m 40.323 ms - 5033[0m
[0mPOST /users/createUserDetail [32m200[0m 38.589 ms - 4935[0m
[0mGET /users/profile/61e146d270a60a9d39eb50a0 [32m200[0m 49.240 ms - 3307[0m
[0mGET /css/user_profile.css [33m404[0m 20.702 ms - 159[0m
[0mGET /users/profile/61e146d270a60a9d39eb50a0 [32m200[0m 41.690 ms - 2679[0m
[0mGET /css/user_profile.css [33m404[0m 15.953 ms - 159[0m
[0mGET /users/profile/61e146d270a60a9d39eb50a0 [32m200[0m 36.840 ms - 2726[0m
[0mGET /css/user_profile.css [33m404[0m 16.937 ms - 159[0m
[0mPOST /users/createUserDetail [32m200[0m 108.080 ms - 4993[0m
[0mPOST /users/createUserDetail [32m200[0m 175.360 ms - 5100[0m
[0mPOST /users/createUserDetail [32m200[0m 45.399 ms - 5092[0m
[0mPOST /users/createUserDetail [32m200[0m 34.515 ms - 5083[0m
[0mPOST /users/createUserDetail [32m200[0m 37.943 ms - 5088[0m
[0mGET /users/sign-out [36m302[0m 30.628 ms - 46[0m
[0mGET / [32m200[0m 18.415 ms - 3177[0m
[0mGET /users [33m404[0m 12.788 ms - 144[0m
[0mGET /home [32m200[0m 191.789 ms - 2845[0m
[0mGET /users/sign-in [32m200[0m 294.417 ms - 2961[0m
[0mGET /home [33m404[0m 546.920 ms - 143[0m
[0mGET /favicon.ico [33m404[0m 124.516 ms - 150[0m
[0mGET /home [32m200[0m 200.365 ms - 2845[0m
[0mGET /users/sign-in [36m304[0m 24.262 ms - -[0m
[0mGET /users/sign-up [32m200[0m 148.316 ms - 3110[0m
[0mGET /users/sign-in [36m304[0m 139.343 ms - -[0m
[0mGET /users/sign-in [32m200[0m 12.370 ms - 3489[0m
[0mGET /users/sign-in [36m304[0m 4.874 ms - -[0m
[0mGET / [32m200[0m 83.242 ms - 2845[0m
[0mGET /home [36m304[0m 78.111 ms - -[0m
[0mGET /users/sign-in [36m304[0m 90.091 ms - -[0m
[0mGET /users/auth/google [36m302[0m 10.971 ms - 0[0m
[0mGET /users/sign-up [36m304[0m 165.959 ms - -[0m
[0mGET /users/auth/google [36m302[0m 100.009 ms - 0[0m
[0mGET / [36m304[0m 91.396 ms - -[0m
[0mGET /users/sign-in [36m304[0m 343.028 ms - -[0m
[0mPOST /users/createSession [36m302[0m 189.314 ms - 46[0m
[0mGET / [36m304[0m 76.616 ms - -[0m
[0mGET /users/sign-in [32m200[0m 192.585 ms - 3939[0m
[0mGET /users/sign-in [32m200[0m 223.490 ms - 3608[0m
[0mGET /users/profile/61e1880cd05f2a580d112837 [32m200[0m 281.099 ms - 2726[0m
[0mGET /css/user_profile.css [33m404[0m 184.634 ms - 159[0m
[0mGET /home [31m500[0m 200.434 ms - 2837[0m
[0mGET /home [32m200[0m 171.303 ms - 5078[0m
[0mPOST /users/createUserDetail [32m200[0m 383.322 ms - 5079[0m
[0mGET /users/sign-out [36m302[0m 170.535 ms - 46[0m
[0mGET / [32m200[0m 74.088 ms - 3177[0m
[0mGET / [32m200[0m 19.494 ms - 2845[0m
[0mGET /favicon.ico [33m404[0m 99.844 ms - 150[0m
[0mGET / [36m304[0m 110.987 ms - -[0m
[0mGET /users/sign-in [32m200[0m 87.088 ms - 3489[0m
[0mPOST /users/createSession [36m302[0m 167.745 ms - 46[0m
[0mGET / [31m500[0m 162.247 ms - 2733[0m
[0mGET / [32m200[0m 174.586 ms - 5057[0m
[0mPOST /users/createUserDetail [32m200[0m 252.023 ms - 5194[0m
[0mGET /users/sign-out [36m302[0m 196.698 ms - 46[0m
[0mGET / [36m304[0m 141.861 ms - -[0m
